<?xml version="1.0" encoding="UTF-8"?>
<!-- Generated by org.testng.reporters.JUnitXMLReporter -->
<testsuite hostname="Grimoire" name="Command line test" tests="62" failures="0" timestamp="12 Jan 2016 14:53:20 GMT" time="19.773" errors="0">
  <testcase name="populateAutoDigitFormat" time="0.105" classname="test.hida.MinterTest"/>
  <testcase name="testBadParameterExceptionAutoMinter" time="0.001" classname="test.hida.MinterTest"/>
  <testcase name="testBadParameterExceptionAutoMinter" time="0.0" classname="test.hida.MinterTest"/>
  <testcase name="testBadParameterExceptionAutoMinter" time="0.001" classname="test.hida.MinterTest"/>
  <testcase name="testBadParameterExceptionAutoMinter" time="0.0" classname="test.hida.MinterTest"/>
  <testcase name="testBadParameterExceptionAutoMinter" time="0.0" classname="test.hida.MinterTest"/>
  <testcase name="testUniqueIdAutoSequentialMinter" time="0.057" classname="test.hida.MinterTest"/>
  <testcase name="testUniqueIdAutoSequentialMinter" time="0.044" classname="test.hida.MinterTest"/>
  <testcase name="testUniqueIdAutoSequentialMinter" time="0.085" classname="test.hida.MinterTest"/>
  <testcase name="testUniqueIdAutoSequentialMinter" time="0.285" classname="test.hida.MinterTest"/>
  <testcase name="testUniqueIdAutoSequentialMinter" time="0.085" classname="test.hida.MinterTest"/>
  <testcase name="testUniqueIdAutoSequentialMinter" time="0.2" classname="test.hida.MinterTest"/>
  <testcase name="testUniqueIdAutoSequentialMinter" time="0.697" classname="test.hida.MinterTest"/>
  <testcase name="testUniqueIdRandomCustomMinter" time="0.041" classname="test.hida.MinterTest"/>
  <testcase name="testUniqueIdRandomCustomMinter" time="0.032" classname="test.hida.MinterTest"/>
  <testcase name="testUniqueIdRandomCustomMinter" time="0.035" classname="test.hida.MinterTest"/>
  <testcase name="testUniqueIdRandomCustomMinter" time="0.031" classname="test.hida.MinterTest"/>
  <testcase name="testUniqueIdRandomCustomMinter" time="0.065" classname="test.hida.MinterTest"/>
  <testcase name="testUniqueIdRandomCustomMinter" time="0.055" classname="test.hida.MinterTest"/>
  <testcase name="testUniqueIdRandomCustomMinter" time="0.032" classname="test.hida.MinterTest"/>
  <testcase name="testUniqueIdRandomCustomMinter" time="0.052" classname="test.hida.MinterTest"/>
  <testcase name="testUniqueIdRandomCustomMinter" time="0.09" classname="test.hida.MinterTest"/>
  <testcase name="testUniqueIdRandomCustomMinter" time="0.031" classname="test.hida.MinterTest"/>
  <testcase name="testUniqueIdSequentialCustomMinter" time="0.138" classname="test.hida.MinterTest"/>
  <testcase name="testUniqueIdSequentialCustomMinter" time="0.401" classname="test.hida.MinterTest"/>
  <testcase name="testUniqueIdSequentialCustomMinter" time="0.208" classname="test.hida.MinterTest"/>
  <testcase name="testUniqueIdSequentialCustomMinter" time="0.296" classname="test.hida.MinterTest"/>
  <testcase name="testUniqueIdSequentialCustomMinter" time="0.037" classname="test.hida.MinterTest"/>
  <testcase name="testUniqueIdSequentialCustomMinter" time="0.031" classname="test.hida.MinterTest"/>
  <testcase name="testUniqueIdSequentialCustomMinter" time="0.032" classname="test.hida.MinterTest"/>
  <testcase name="testUniqueIdSequentialCustomMinter" time="0.031" classname="test.hida.MinterTest"/>
  <testcase name="testUniqueIdSequentialCustomMinter" time="0.035" classname="test.hida.MinterTest"/>
  <testcase name="testUniqueIdSequentialCustomMinter" time="0.072" classname="test.hida.MinterTest"/>
  <testcase name="testUniqueIdRandomAutoMinter" time="0.044" classname="test.hida.MinterTest"/>
  <testcase name="testUniqueIdRandomAutoMinter" time="0.036" classname="test.hida.MinterTest"/>
  <testcase name="testUniqueIdRandomAutoMinter" time="0.041" classname="test.hida.MinterTest"/>
  <testcase name="testUniqueIdRandomAutoMinter" time="0.03" classname="test.hida.MinterTest"/>
  <testcase name="testUniqueIdRandomAutoMinter" time="0.057" classname="test.hida.MinterTest"/>
  <testcase name="testUniqueIdRandomAutoMinter" time="0.066" classname="test.hida.MinterTest"/>
  <testcase name="testUniqueIdRandomAutoMinter" time="0.043" classname="test.hida.MinterTest"/>
  <testcase name="testBadParameterExceptionCustomMinter" time="0.001" classname="test.hida.MinterTest"/>
  <testcase name="testBadParameterExceptionCustomMinter" time="0.0" classname="test.hida.MinterTest"/>
  <testcase name="testBadParameterExceptionCustomMinter" time="0.0" classname="test.hida.MinterTest"/>
  <testcase name="testBadParameterExceptionCustomMinter" time="0.001" classname="test.hida.MinterTest"/>
  <testcase name="testFormat" time="0.04" classname="test.hida.MinterTest"/>
  <testcase name="testFormat" time="0.072" classname="test.hida.MinterTest"/>
  <testcase name="testFormat" time="0.041" classname="test.hida.MinterTest"/>
  <testcase name="testFormat" time="0.055" classname="test.hida.MinterTest"/>
  <testcase name="testFormat" time="0.059" classname="test.hida.MinterTest"/>
  <testcase name="testFormat" time="0.041" classname="test.hida.MinterTest"/>
  <testcase name="testFormat" time="0.038" classname="test.hida.MinterTest"/>
  <testcase name="testFormat" time="0.042" classname="test.hida.MinterTest"/>
  <testcase name="testFormat" time="0.045" classname="test.hida.MinterTest"/>
  <testcase name="testFormat" time="0.038" classname="test.hida.MinterTest"/>
  <testcase name="testFormat" time="0.054" classname="test.hida.MinterTest"/>
  <testcase name="testFormat" time="0.047" classname="test.hida.MinterTest"/>
  <testcase name="testFormat" time="0.048" classname="test.hida.MinterTest"/>
  <testcase name="testFormat" time="0.036" classname="test.hida.MinterTest"/>
  <testcase name="formatOverlap" time="0.082" classname="test.hida.MinterTest"/>
  <testcase name="formatOverlap" time="2.393" classname="test.hida.MinterTest"/>
  <testcase name="formatOverlap" time="1.958" classname="test.hida.MinterTest"/>
  <testcase name="formatOverlap" time="10.782" classname="test.hida.MinterTest"/>
</testsuite> <!-- Command line test -->
