<?xml version="1.0" encoding="UTF-8" ?>
<testsuite failures="0" time="20.788" errors="0" skipped="0" tests="62" name="test.hida.MinterTest">
  <properties>
[...]
</properties>
  <testcase time="0.105" classname="test.hida.MinterTest" name="populateAutoDigitFormat"/>
  <testcase time="0.001" classname="test.hida.MinterTest" name="testBadParameterExceptionAutoMinter"/>
  <testcase time="0" classname="test.hida.MinterTest" name="testBadParameterExceptionAutoMinter"/>
  <testcase time="0.001" classname="test.hida.MinterTest" name="testBadParameterExceptionAutoMinter"/>
  <testcase time="0" classname="test.hida.MinterTest" name="testBadParameterExceptionAutoMinter"/>
  <testcase time="0.001" classname="test.hida.MinterTest" name="testBadParameterExceptionAutoMinter"/>
  <testcase time="0.057" classname="test.hida.MinterTest" name="testUniqueIdAutoSequentialMinter"/>
  <testcase time="0.044" classname="test.hida.MinterTest" name="testUniqueIdAutoSequentialMinter"/>
  <testcase time="0.086" classname="test.hida.MinterTest" name="testUniqueIdAutoSequentialMinter"/>
  <testcase time="0.285" classname="test.hida.MinterTest" name="testUniqueIdAutoSequentialMinter"/>
  <testcase time="0.084" classname="test.hida.MinterTest" name="testUniqueIdAutoSequentialMinter"/>
  <testcase time="0.2" classname="test.hida.MinterTest" name="testUniqueIdAutoSequentialMinter"/>
  <testcase time="0.697" classname="test.hida.MinterTest" name="testUniqueIdAutoSequentialMinter"/>
  <testcase time="0.041" classname="test.hida.MinterTest" name="testUniqueIdRandomCustomMinter"/>
  <testcase time="0.032" classname="test.hida.MinterTest" name="testUniqueIdRandomCustomMinter"/>
  <testcase time="0.035" classname="test.hida.MinterTest" name="testUniqueIdRandomCustomMinter"/>
  <testcase time="0.032" classname="test.hida.MinterTest" name="testUniqueIdRandomCustomMinter"/>
  <testcase time="0.066" classname="test.hida.MinterTest" name="testUniqueIdRandomCustomMinter"/>
  <testcase time="0.055" classname="test.hida.MinterTest" name="testUniqueIdRandomCustomMinter"/>
  <testcase time="0.033" classname="test.hida.MinterTest" name="testUniqueIdRandomCustomMinter"/>
  <testcase time="0.056" classname="test.hida.MinterTest" name="testUniqueIdRandomCustomMinter"/>
  <testcase time="0.091" classname="test.hida.MinterTest" name="testUniqueIdRandomCustomMinter"/>
  <testcase time="0.031" classname="test.hida.MinterTest" name="testUniqueIdRandomCustomMinter"/>
  <testcase time="0.138" classname="test.hida.MinterTest" name="testUniqueIdSequentialCustomMinter"/>
  <testcase time="0.401" classname="test.hida.MinterTest" name="testUniqueIdSequentialCustomMinter"/>
  <testcase time="0.208" classname="test.hida.MinterTest" name="testUniqueIdSequentialCustomMinter"/>
  <testcase time="0.295" classname="test.hida.MinterTest" name="testUniqueIdSequentialCustomMinter"/>
  <testcase time="0.036" classname="test.hida.MinterTest" name="testUniqueIdSequentialCustomMinter"/>
  <testcase time="0.031" classname="test.hida.MinterTest" name="testUniqueIdSequentialCustomMinter"/>
  <testcase time="0.032" classname="test.hida.MinterTest" name="testUniqueIdSequentialCustomMinter"/>
  <testcase time="0.032" classname="test.hida.MinterTest" name="testUniqueIdSequentialCustomMinter"/>
  <testcase time="0.035" classname="test.hida.MinterTest" name="testUniqueIdSequentialCustomMinter"/>
  <testcase time="0.072" classname="test.hida.MinterTest" name="testUniqueIdSequentialCustomMinter"/>
  <testcase time="0.044" classname="test.hida.MinterTest" name="testUniqueIdRandomAutoMinter"/>
  <testcase time="0.036" classname="test.hida.MinterTest" name="testUniqueIdRandomAutoMinter"/>
  <testcase time="0.041" classname="test.hida.MinterTest" name="testUniqueIdRandomAutoMinter"/>
  <testcase time="0.031" classname="test.hida.MinterTest" name="testUniqueIdRandomAutoMinter"/>
  <testcase time="0.058" classname="test.hida.MinterTest" name="testUniqueIdRandomAutoMinter"/>
  <testcase time="0.066" classname="test.hida.MinterTest" name="testUniqueIdRandomAutoMinter"/>
  <testcase time="0.043" classname="test.hida.MinterTest" name="testUniqueIdRandomAutoMinter"/>
  <testcase time="0.001" classname="test.hida.MinterTest" name="testBadParameterExceptionCustomMinter"/>
  <testcase time="0.001" classname="test.hida.MinterTest" name="testBadParameterExceptionCustomMinter"/>
  <testcase time="0" classname="test.hida.MinterTest" name="testBadParameterExceptionCustomMinter"/>
  <testcase time="0.001" classname="test.hida.MinterTest" name="testBadParameterExceptionCustomMinter"/>
  <testcase time="0.04" classname="test.hida.MinterTest" name="testFormat"/>
  <testcase time="0.071" classname="test.hida.MinterTest" name="testFormat"/>
  <testcase time="0.041" classname="test.hida.MinterTest" name="testFormat"/>
  <testcase time="0.055" classname="test.hida.MinterTest" name="testFormat"/>
  <testcase time="0.06" classname="test.hida.MinterTest" name="testFormat"/>
  <testcase time="0.041" classname="test.hida.MinterTest" name="testFormat"/>
  <testcase time="0.037" classname="test.hida.MinterTest" name="testFormat"/>
  <testcase time="0.043" classname="test.hida.MinterTest" name="testFormat"/>
  <testcase time="0.045" classname="test.hida.MinterTest" name="testFormat"/>
  <testcase time="0.038" classname="test.hida.MinterTest" name="testFormat"/>
  <testcase time="0.053" classname="test.hida.MinterTest" name="testFormat"/>
  <testcase time="0.046" classname="test.hida.MinterTest" name="testFormat"/>
  <testcase time="0.048" classname="test.hida.MinterTest" name="testFormat"/>
  <testcase time="0.036" classname="test.hida.MinterTest" name="testFormat"/>
  <testcase time="0.082" classname="test.hida.MinterTest" name="formatOverlap"/>
  <testcase time="2.393" classname="test.hida.MinterTest" name="formatOverlap"/>
  <testcase time="1.958" classname="test.hida.MinterTest" name="formatOverlap"/>
  <testcase time="10.781" classname="test.hida.MinterTest" name="formatOverlap"/>
</testsuite>